<?xml version="1.0" encoding="UTF-8"?>
<!-- Generated by org.testng.reporters.JUnitReportReporter -->
<testsuite skipped="0" hostname="963d1e6cd625" name="com.testing.Tests.BookFlightTest" tests="15" failures="0" timestamp="2021-08-26T06:26:42 GMT" time="37.016" errors="0">
  <testcase name="findFlightPage" time="1.719" classname="com.testing.Tests.BookFlightTest"/>
  <system-out/>
  <testcase name="registrationPage" time="6.535" classname="com.testing.Tests.BookFlightTest"/>
  <system-out/>
  <testcase name="registrationPage" time="5.601" classname="com.testing.Tests.BookFlightTest"/>
  <system-out/>
  <testcase name="flightDetailsPage" time="4.545" classname="com.testing.Tests.BookFlightTest"/>
  <system-out/>
  <testcase name="registrationPage" time="3.843" classname="com.testing.Tests.BookFlightTest"/>
  <system-out/>
  <testcase name="registrationConfirmationPage" time="0.217" classname="com.testing.Tests.BookFlightTest"/>
  <system-out/>
  <testcase name="flightDetailsPage" time="4.839" classname="com.testing.Tests.BookFlightTest"/>
  <system-out/>
  <testcase name="flightConfirmationPage" time="0.395" classname="com.testing.Tests.BookFlightTest"/>
  <system-out/>
  <testcase name="registrationConfirmationPage" time="0.200" classname="com.testing.Tests.BookFlightTest"/>
  <system-out/>
  <testcase name="flightConfirmationPage" time="0.626" classname="com.testing.Tests.BookFlightTest"/>
  <system-out/>
  <testcase name="findFlightPage" time="1.570" classname="com.testing.Tests.BookFlightTest"/>
  <system-out/>
  <testcase name="registrationConfirmationPage" time="0.191" classname="com.testing.Tests.BookFlightTest"/>
  <system-out/>
  <testcase name="findFlightPage" time="1.599" classname="com.testing.Tests.BookFlightTest"/>
  <system-out/>
  <testcase name="flightDetailsPage" time="4.704" classname="com.testing.Tests.BookFlightTest"/>
  <system-out/>
  <testcase name="flightConfirmationPage" time="0.432" classname="com.testing.Tests.BookFlightTest"/>
  <system-out/>
</testsuite> <!-- com.testing.Tests.BookFlightTest -->
