<?xml version="1.0" encoding="UTF-8"?>
<!-- Generated by org.testng.reporters.JUnitReportReporter -->
<testsuite skipped="0" hostname="963d1e6cd625" name="com.SearchModule.Tests.SearchTest" tests="2" failures="0" timestamp="2021-08-26T06:24:18 GMT" time="8.688" errors="0">
  <testcase name="searchKeyword" time="4.599" classname="com.SearchModule.Tests.SearchTest"/>
  <system-out/>
  <testcase name="searchKeyword" time="4.089" classname="com.SearchModule.Tests.SearchTest"/>
  <system-out/>
</testsuite> <!-- com.SearchModule.Tests.SearchTest -->
