<?xml version="1.0" encoding="UTF-8"?>
<!-- Generated by org.testng.reporters.JUnitReportReporter -->
<testsuite hostname="CVDE16C-7HHKUNC" failures="0" tests="3" name="com.SearchModule.Tests.SearchTest" time="16.290" errors="0" timestamp="2021-08-26T11:16:01 IST" skipped="0">
  <testcase classname="com.SearchModule.Tests.SearchTest" name="searchKeyword" time="5.610"/>
  <system-out/>
  <testcase classname="com.SearchModule.Tests.SearchTest" name="searchKeyword" time="4.979"/>
  <system-out/>
  <testcase classname="com.SearchModule.Tests.SearchTest" name="searchKeyword" time="5.701"/>
  <system-out/>
</testsuite> <!-- com.SearchModule.Tests.SearchTest -->
