<?xml version="1.0" encoding="UTF-8"?>
<!-- Generated by org.testng.reporters.JUnitReportReporter -->
<testsuite hostname="CVDE16C-7HHKUNC" failures="0" tests="15" name="com.testing.Tests.BookFlightTest" time="35.879" errors="0" timestamp="2021-08-26T11:43:18 IST" skipped="0">
  <testcase classname="com.testing.Tests.BookFlightTest" name="flightDetailsPage" time="4.893"/>
  <system-out/>
  <testcase classname="com.testing.Tests.BookFlightTest" name="registrationPage" time="5.103"/>
  <system-out/>
  <testcase classname="com.testing.Tests.BookFlightTest" name="registrationConfirmationPage" time="0.204"/>
  <system-out/>
  <testcase classname="com.testing.Tests.BookFlightTest" name="flightConfirmationPage" time="0.379"/>
  <system-out/>
  <testcase classname="com.testing.Tests.BookFlightTest" name="flightDetailsPage" time="4.604"/>
  <system-out/>
  <testcase classname="com.testing.Tests.BookFlightTest" name="registrationConfirmationPage" time="0.209"/>
  <system-out/>
  <testcase classname="com.testing.Tests.BookFlightTest" name="findFlightPage" time="1.575"/>
  <system-out/>
  <testcase classname="com.testing.Tests.BookFlightTest" name="registrationPage" time="5.866"/>
  <system-out/>
  <testcase classname="com.testing.Tests.BookFlightTest" name="registrationConfirmationPage" time="0.206"/>
  <system-out/>
  <testcase classname="com.testing.Tests.BookFlightTest" name="flightConfirmationPage" time="0.473"/>
  <system-out/>
  <testcase classname="com.testing.Tests.BookFlightTest" name="flightDetailsPage" time="4.575"/>
  <system-out/>
  <testcase classname="com.testing.Tests.BookFlightTest" name="findFlightPage" time="1.567"/>
  <system-out/>
  <testcase classname="com.testing.Tests.BookFlightTest" name="flightConfirmationPage" time="0.404"/>
  <system-out/>
  <testcase classname="com.testing.Tests.BookFlightTest" name="registrationPage" time="4.396"/>
  <system-out/>
  <testcase classname="com.testing.Tests.BookFlightTest" name="findFlightPage" time="1.425"/>
  <system-out/>
</testsuite> <!-- com.testing.Tests.BookFlightTest -->
